Arguments: 
  /Users/colereed/.nvm/versions/node/v14.1.0/bin/node /usr/local/Cellar/yarn/1.22.4/libexec/bin/yarn.js add @/common

PATH: 
  /Users/colereed/.nvm/versions/node/v14.1.0/lib/node_modules/npm/node_modules/npm-lifecycle/node-gyp-bin:/Users/colereed/Documents/Projects/Brainbeats/Code/libraries/parcel-typescript-library-starter/node_modules/.bin:/Users/colereed/.nvm/versions/node/v14.1.0/bin:/usr/local/anaconda3/bin:/usr/local/bin:/usr/bin:/bin:/usr/sbin:/sbin:/usr/local/share/dotnet:~/.dotnet/tools:/Library/Apple/usr/bin:/Library/Frameworks/Mono.framework/Versions/Current/Commands

Yarn version: 
  1.22.4

Node version: 
  14.1.0

Platform: 
  darwin x64

Trace: 
  Error: https://registry.npmjs.org/@%2fcommon: Not found
      at Request.params.callback [as _callback] (/usr/local/Cellar/yarn/1.22.4/libexec/lib/cli.js:66987:18)
      at Request.self.callback (/usr/local/Cellar/yarn/1.22.4/libexec/lib/cli.js:140748:22)
      at Request.emit (events.js:315:20)
      at Request.<anonymous> (/usr/local/Cellar/yarn/1.22.4/libexec/lib/cli.js:141720:10)
      at Request.emit (events.js:315:20)
      at IncomingMessage.<anonymous> (/usr/local/Cellar/yarn/1.22.4/libexec/lib/cli.js:141642:12)
      at Object.onceWrapper (events.js:421:28)
      at IncomingMessage.emit (events.js:327:22)
      at endReadableNT (_stream_readable.js:1223:12)
      at processTicksAndRejections (internal/process/task_queues.js:84:21)

npm manifest: 
  {
    "name": "parcel-typescript-library-starter",
    "version": "1.0.0",
    "description": "Scaffolding for starting a parcel based typescript code library",
    "main": "dist/$npm_package_name.$npm_package_version.min.js",
    "types": "dist/$npm_package_name.d.ts",
    "scripts": {
      "start": "parcel index.ts",
      "build": "npm run clean && parcel build index.ts -o $npm_package_name.$npm_package_version.min.js",
      "test": "jest --config jest.config.js",
      "test:dev": "jest --config jest.config.js --watch",
      "clean": "rimraf ./dist",
      "format": "prettier --write \"src/**/*.ts\"",
      "tsc": "tsc --noEmit",
      "lint": "eslint -c .eslintrc.js --ext .ts ./src",
      "prepare": "npm run build",
      "prepublish": "npm test && npm run lint",
      "preversion": "npm run lint",
      "version": "npm run format && git add -A src",
      "postversion": "git push && git push --tags"
    },
    "directories": {
      "src": "src",
      "__test__": "__test__"
    },
    "keywords": [
      "web-audio-api",
      "noise"
    ],
    "author": "Cole Reed",
    "license": "MIT",
    "devDependencies": {
      "@babel/types": "^7.10.3",
      "@types/jest": "^26.0.3",
      "@typescript-eslint/eslint-plugin": "^3.4.0",
      "@typescript-eslint/parser": "^3.4.0",
      "eslint": "^7.3.1",
      "eslint-config-prettier": "^6.11.0",
      "eslint-plugin-prettier": "^3.1.4",
      "jest": "^26.1.0",
      "parcel-bundler": "^1.12.4",
      "prettier": "^2.0.5",
      "rimraf": "^3.0.2",
      "ts-jest": "^26.1.1",
      "tslint-config-prettier": "^1.18.0",
      "typescript": "^3.9.5"
    }
  }

yarn manifest: 
  No manifest

Lockfile: 
  No lockfile
